==176844== Memcheck, a memory error detector
==176844== Copyright (C) 2002-2017, and GNU GPL'd, by Julian Seward et al.
==176844== Using Valgrind-3.18.1 and LibVEX; rerun with -h for copyright info
==176844== Command: ./webserv _Config/default.conf
==176844== Parent PID: 158567
==176844== 
==176844== 
==176844== Process terminating with default action of signal 2 (SIGINT)
==176844==    at 0x400C140: dl_new_hash (dl-lookup.c:582)
==176844==    by 0x400C140: _dl_lookup_symbol_x (dl-lookup.c:841)
==176844==    by 0x40114E7: elf_machine_rela (dl-machine.h:294)
==176844==    by 0x40114E7: elf_dynamic_do_Rela (do-rel.h:142)
==176844==    by 0x40114E7: _dl_relocate_object (dl-reloc.c:288)
==176844==    by 0x4023A62: dl_main (rtld.c:2441)
==176844==    by 0x401F83B: _dl_sysdep_start (dl-sysdep.c:256)
==176844==    by 0x4021597: _dl_start_final (rtld.c:507)
==176844==    by 0x4021597: _dl_start (rtld.c:596)
==176844==    by 0x4020297: ??? (in /usr/lib/x86_64-linux-gnu/ld-linux-x86-64.so.2)
==176844==    by 0x1: ???
==176844==    by 0x1FFF000266: ???
==176844==    by 0x1FFF000270: ???
==176844== 
==176844== HEAP SUMMARY:
==176844==     in use at exit: 0 bytes in 0 blocks
==176844==   total heap usage: 0 allocs, 0 frees, 0 bytes allocated
==176844== 
==176844== All heap blocks were freed -- no leaks are possible
==176844== 
==176844== For lists of detected and suppressed errors, rerun with: -s
==176844== ERROR SUMMARY: 0 errors from 0 contexts (suppressed: 0 from 0)
